# JRE version: Java(TM) SE Runtime Environment (8.0_161-b12) (build 1.8.0_161-b12)
# Java VM: Java HotSpot(TM) 64-Bit Server VM (25.161-b12 mixed mode linux-amd64 compressed oops)
Heap:
 PSYoungGen      total 70144K, used 6643K [0x00000000f5580000, 0x00000000fa080000, 0x0000000100000000)
  eden space 63488K, 0% used [0x00000000f5580000,0x00000000f5580000,0x00000000f9380000)
  from space 6656K, 99% used [0x00000000f9380000,0x00000000f99fcdb8,0x00000000f9a00000)
  to   space 6656K, 0% used [0x00000000f9a00000,0x00000000f9a00000,0x00000000fa080000)
 ParOldGen       total 42496K, used 8842K [0x00000000e0000000, 0x00000000e2980000, 0x00000000f5580000)
  object space 42496K, 20% used [0x00000000e0000000,0x00000000e08a2ab8,0x00000000e2980000)
 Metaspace       used 13382K, capacity 13546K, committed 13824K, reserved 1060864K
  class space    used 1734K, capacity 1787K, committed 1792K, reserved 1048576K
GC Heap History (10 events):
Event: 0.756 GC heap after
Heap after GC invocations=2 (full 0):
 PSYoungGen      total 18432K, used 2544K [0x00000000f5580000, 0x00000000f7980000, 0x0000000100000000)
  eden space 15872K, 0% used [0x00000000f5580000,0x00000000f5580000,0x00000000f6500000)
  from space 2560K, 99% used [0x00000000f6780000,0x00000000f69fc020,0x00000000f6a00000)
  to   space 2560K, 0% used [0x00000000f6500000,0x00000000f6500000,0x00000000f6780000)
 ParOldGen       total 42496K, used 5076K [0x00000000e0000000, 0x00000000e2980000, 0x00000000f5580000)
  object space 42496K, 11% used [0x00000000e0000000,0x00000000e04f53d0,0x00000000e2980000)
 Metaspace       used 8161K, capacity 8234K, committed 8576K, reserved 1056768K
  class space    used 1014K, capacity 1041K, committed 1152K, reserved 1048576K
}
Event: 0.912 GC heap before
{Heap before GC invocations=3 (full 0):
 PSYoungGen      total 18432K, used 18416K [0x00000000f5580000, 0x00000000f7980000, 0x0000000100000000)
  eden space 15872K, 100% used [0x00000000f5580000,0x00000000f6500000,0x00000000f6500000)
  from space 2560K, 99% used [0x00000000f6780000,0x00000000f69fc020,0x00000000f6a00000)
  to   space 2560K, 0% used [0x00000000f6500000,0x00000000f6500000,0x00000000f6780000)
 ParOldGen       total 42496K, used 5076K [0x00000000e0000000, 0x00000000e2980000, 0x00000000f5580000)
  object space 42496K, 11% used [0x00000000e0000000,0x00000000e04f53d0,0x00000000e2980000)
 Metaspace       used 9000K, capacity 9098K, committed 9216K, reserved 1056768K
  class space    used 1181K, capacity 1201K, committed 1280K, reserved 1048576K
Event: 0.917 GC heap after
Heap after GC invocations=3 (full 0):
 PSYoungGen      total 18432K, used 2528K [0x00000000f5580000, 0x00000000f7980000, 0x0000000100000000)
  eden space 15872K, 0% used [0x00000000f5580000,0x00000000f5580000,0x00000000f6500000)
  from space 2560K, 98% used [0x00000000f6500000,0x00000000f6778010,0x00000000f6780000)
  to   space 2560K, 0% used [0x00000000f7700000,0x00000000f7700000,0x00000000f7980000)
 ParOldGen       total 42496K, used 6196K [0x00000000e0000000, 0x00000000e2980000, 0x00000000f5580000)
  object space 42496K, 14% used [0x00000000e0000000,0x00000000e060d328,0x00000000e2980000)
 Metaspace       used 9000K, capacity 9098K, committed 9216K, reserved 1056768K
  class space    used 1181K, capacity 1201K, committed 1280K, reserved 1048576K
}
Event: 0.978 GC heap before
{Heap before GC invocations=4 (full 0):
 PSYoungGen      total 18432K, used 18400K [0x00000000f5580000, 0x00000000f7980000, 0x0000000100000000)
  eden space 15872K, 100% used [0x00000000f5580000,0x00000000f6500000,0x00000000f6500000)
  from space 2560K, 98% used [0x00000000f6500000,0x00000000f6778010,0x00000000f6780000)
  to   space 2560K, 0% used [0x00000000f7700000,0x00000000f7700000,0x00000000f7980000)
 ParOldGen       total 42496K, used 6196K [0x00000000e0000000, 0x00000000e2980000, 0x00000000f5580000)
  object space 42496K, 14% used [0x00000000e0000000,0x00000000e060d328,0x00000000e2980000)
 Metaspace       used 9014K, capacity 9098K, committed 9216K, reserved 1056768K
  class space    used 1181K, capacity 1201K, committed 1280K, reserved 1048576K
Event: 0.982 GC heap after
Heap after GC invocations=4 (full 0):
 PSYoungGen      total 34304K, used 2528K [0x00000000f5580000, 0x00000000f7980000, 0x0000000100000000)
  eden space 31744K, 0% used [0x00000000f5580000,0x00000000f5580000,0x00000000f7480000)
  from space 2560K, 98% used [0x00000000f7700000,0x00000000f7978010,0x00000000f7980000)
  to   space 2560K, 0% used [0x00000000f7480000,0x00000000f7480000,0x00000000f7700000)
 ParOldGen       total 42496K, used 6292K [0x00000000e0000000, 0x00000000e2980000, 0x00000000f5580000)
  object space 42496K, 14% used [0x00000000e0000000,0x00000000e0625328,0x00000000e2980000)
 Metaspace       used 9014K, capacity 9098K, committed 9216K, reserved 1056768K
  class space    used 1181K, capacity 1201K, committed 1280K, reserved 1048576K
}
Event: 1.061 GC heap before
{Heap before GC invocations=5 (full 0):
 PSYoungGen      total 34304K, used 34272K [0x00000000f5580000, 0x00000000f7980000, 0x0000000100000000)
  eden space 31744K, 100% used [0x00000000f5580000,0x00000000f7480000,0x00000000f7480000)
  from space 2560K, 98% used [0x00000000f7700000,0x00000000f7978010,0x00000000f7980000)
  to   space 2560K, 0% used [0x00000000f7480000,0x00000000f7480000,0x00000000f7700000)
 ParOldGen       total 42496K, used 6292K [0x00000000e0000000, 0x00000000e2980000, 0x00000000f5580000)
  object space 42496K, 14% used [0x00000000e0000000,0x00000000e0625328,0x00000000e2980000)
 Metaspace       used 9024K, capacity 9162K, committed 9472K, reserved 1056768K
  class space    used 1181K, capacity 1201K, committed 1280K, reserved 1048576K
Event: 1.067 GC heap after
Heap after GC invocations=5 (full 0):
 PSYoungGen      total 34304K, used 2528K [0x00000000f5580000, 0x00000000fa080000, 0x0000000100000000)
  eden space 31744K, 0% used [0x00000000f5580000,0x00000000f5580000,0x00000000f7480000)
  from space 2560K, 98% used [0x00000000f7480000,0x00000000f76f8010,0x00000000f7700000)
  to   space 6656K, 0% used [0x00000000f9a00000,0x00000000f9a00000,0x00000000fa080000)
 ParOldGen       total 42496K, used 6464K [0x00000000e0000000, 0x00000000e2980000, 0x00000000f5580000)
  object space 42496K, 15% used [0x00000000e0000000,0x00000000e0650338,0x00000000e2980000)
 Metaspace       used 9024K, capacity 9162K, committed 9472K, reserved 1056768K
  class space    used 1181K, capacity 1201K, committed 1280K, reserved 1048576K
}
Event: 1.385 GC heap before
{Heap before GC invocations=6 (full 0):
 PSYoungGen      total 34304K, used 34272K [0x00000000f5580000, 0x00000000fa080000, 0x0000000100000000)
  eden space 31744K, 100% used [0x00000000f5580000,0x00000000f7480000,0x00000000f7480000)
  from space 2560K, 98% used [0x00000000f7480000,0x00000000f76f8010,0x00000000f7700000)
  to   space 6656K, 0% used [0x00000000f9a00000,0x00000000f9a00000,0x00000000fa080000)
 ParOldGen       total 42496K, used 6464K [0x00000000e0000000, 0x00000000e2980000, 0x00000000f5580000)
  object space 42496K, 15% used [0x00000000e0000000,0x00000000e0650338,0x00000000e2980000)
 Metaspace       used 11774K, capacity 11934K, committed 12160K, reserved 1060864K
  class space    used 1530K, capacity 1593K, committed 1664K, reserved 1048576K
Event: 1.397 GC heap after
Heap after GC invocations=6 (full 0):
 PSYoungGen      total 70144K, used 4753K [0x00000000f5580000, 0x00000000fa080000, 0x0000000100000000)
  eden space 63488K, 0% used [0x00000000f5580000,0x00000000f5580000,0x00000000f9380000)
  from space 6656K, 71% used [0x00000000f9a00000,0x00000000f9ea4558,0x00000000fa080000)
  to   space 6656K, 0% used [0x00000000f9380000,0x00000000f9380000,0x00000000f9a00000)
 ParOldGen       total 42496K, used 6472K [0x00000000e0000000, 0x00000000e2980000, 0x00000000f5580000)
  object space 42496K, 15% used [0x00000000e0000000,0x00000000e0652338,0x00000000e2980000)
 Metaspace       used 11774K, capacity 11934K, committed 12160K, reserved 1060864K
  class space    used 1530K, capacity 1593K, committed 1664K, reserved 1048576K
}
Event: 2.207 GC heap before
{Heap before GC invocations=7 (full 0):
 PSYoungGen      total 70144K, used 68241K [0x00000000f5580000, 0x00000000fa080000, 0x0000000100000000)
  eden space 63488K, 100% used [0x00000000f5580000,0x00000000f9380000,0x00000000f9380000)
  from space 6656K, 71% used [0x00000000f9a00000,0x00000000f9ea4558,0x00000000fa080000)
  to   space 6656K, 0% used [0x00000000f9380000,0x00000000f9380000,0x00000000f9a00000)
 ParOldGen       total 42496K, used 6472K [0x00000000e0000000, 0x00000000e2980000, 0x00000000f5580000)
  object space 42496K, 15% used [0x00000000e0000000,0x00000000e0652338,0x00000000e2980000)
 Metaspace       used 13382K, capacity 13546K, committed 13824K, reserved 1060864K
  class space    used 1734K, capacity 1787K, committed 1792K, reserved 1048576K

